<?xml version="1.0" encoding="UTF-8"?>
<testng-results skipped="0" failed="0" ignored="0" total="0" passed="0">
  <reporter-output>
  </reporter-output>
  <suite name="Surefire suite" duration-ms="115818" started-at="2022-05-04T17:31:08 GMT+05:30" finished-at="2022-05-04T17:33:03 GMT+05:30">
    <groups>
    </groups>
    <test name="Surefire test" duration-ms="115818" started-at="2022-05-04T17:31:08 GMT+05:30" finished-at="2022-05-04T17:33:03 GMT+05:30">
    </test> <!-- Surefire test -->
  </suite> <!-- Surefire suite -->
</testng-results>
